<?xml version="1.0" encoding="UTF-8"?>
<!-- Generated by org.testng.reporters.JUnitReportReporter -->
<testsuite hostname="LAPTOP-7GH7T032" failures="0" tests="1" name="FKart.FKTestclass" time="9.402" errors="0" timestamp="2022-08-07T19:30:30 IST" skipped="0">
  <testcase classname="FKart.FKTestclass" name="signinfk" time="9.402"/>
  <system-out/>
</testsuite> <!-- FKart.FKTestclass -->
